<?xml version="1.0" encoding="UTF-8"?>
<!-- Generated by org.testng.reporters.JUnitXMLReporter -->
<testsuite hostname="D-113065387" ignored="0" name="Test" tests="2" failures="1" timestamp="19 Feb 2018 07:50:57 GMT" time="53.064" errors="0">
  <testcase name="logincred" time="6.362" classname="com.wipro.opencartTestCase.TC2">
    <failure type="java.lang.AssertionError" message="Wrong user expected [true] but found [false]">
      <![CDATA[java.lang.AssertionError: Wrong user expected [true] but found [false]at com.wipro.opencartTestCase.TC2.logincred(TC2.java:62)... Removed 32 stack frames]]>
    </failure>
  </testcase> <!-- logincred -->
  <testcase name="searchtest" time="43.006" classname="com.wipro.opencartTestCase.TC2"/>
</testsuite> <!-- Test -->
