-------------------------------------------------------------------------------
Test set: TestSuite
-------------------------------------------------------------------------------
Tests run: 2, Failures: 1, Errors: 0, Skipped: 0, Time elapsed: 53.75 s <<< FAILURE! - in TestSuite
logincred(com.wipro.opencartTestCase.TC2)  Time elapsed: 6.398 s  <<< FAILURE!
java.lang.AssertionError: Wrong user expected [true] but found [false]
	at com.wipro.opencartTestCase.TC2.logincred(TC2.java:62)

