<?xml version="1.0" encoding="UTF-8"?>
<testng-results skipped="0" failed="2" ignored="0" total="8" passed="6">
  <reporter-output>
  </reporter-output>
  <suite name="Default suite" duration-ms="98609" started-at="2018-02-15T09:50:07Z" finished-at="2018-02-15T09:51:45Z">
    <groups>
    </groups>
    <test name="Default test" duration-ms="98609" started-at="2018-02-15T09:50:07Z" finished-at="2018-02-15T09:51:45Z">
      <class name="com.wipro.opencartTestCase.TC1">
        <test-method status="PASS" signature="Intial()[pri:0, instance:com.wipro.opencartTestCase.TC1@13eb8acf]" name="Intial" is-config="true" duration-ms="2830" started-at="2018-02-15T04:50:07Z" finished-at="2018-02-15T04:50:09Z">
          <reporter-output>
          </reporter-output>
        </test-method> <!-- Intial -->
        <test-method status="PASS" signature="opencart()[pri:1, instance:com.wipro.opencartTestCase.TC1@13eb8acf]" name="opencart" duration-ms="3211" started-at="2018-02-15T04:50:09Z" finished-at="2018-02-15T04:50:13Z">
          <reporter-output>
          </reporter-output>
        </test-method> <!-- opencart -->
        <test-method status="PASS" signature="Launchbrowser(java.lang.String, java.lang.String, java.lang.String, java.lang.String, java.lang.String, java.lang.String, java.lang.String, java.lang.String, java.lang.String, java.lang.String)[pri:2, instance:com.wipro.opencartTestCase.TC1@13eb8acf]" name="Launchbrowser" duration-ms="2108" started-at="2018-02-15T04:50:13Z" data-provider="RegistrationData" finished-at="2018-02-15T04:50:15Z">
          <params>
            <param index="0">
              <value>
                <![CDATA[Test1]]>
              </value>
            </param>
            <param index="1">
              <value>
                <![CDATA[Data2]]>
              </value>
            </param>
            <param index="2">
              <value>
                <![CDATA[Test11.data@mail.com]]>
              </value>
            </param>
            <param index="3">
              <value>
                <![CDATA[98745623120]]>
              </value>
            </param>
            <param index="4">
              <value>
                <![CDATA[qwerty]]>
              </value>
            </param>
            <param index="5">
              <value>
                <![CDATA[zxgfzxg]]>
              </value>
            </param>
            <param index="6">
              <value>
                <![CDATA[zdfgzcfg]]>
              </value>
            </param>
            <param index="7">
              <value>
                <![CDATA[456456]]>
              </value>
            </param>
            <param index="8">
              <value>
                <![CDATA[9874563210]]>
              </value>
            </param>
            <param index="9">
              <value>
                <![CDATA[9874563210]]>
              </value>
            </param>
          </params>
          <reporter-output>
          </reporter-output>
        </test-method> <!-- Launchbrowser -->
        <test-method status="FAIL" signature="Launchbrowser(java.lang.String, java.lang.String, java.lang.String, java.lang.String, java.lang.String, java.lang.String, java.lang.String, java.lang.String, java.lang.String, java.lang.String)[pri:2, instance:com.wipro.opencartTestCase.TC1@13eb8acf]" name="Launchbrowser" duration-ms="33" started-at="2018-02-15T04:50:15Z" data-provider="RegistrationData" finished-at="2018-02-15T04:50:15Z">
          <params>
            <param index="0">
              <value>
                <![CDATA[tesr1]]>
              </value>
            </param>
            <param index="1">
              <value>
                <![CDATA[sdfhf]]>
              </value>
            </param>
            <param index="2">
              <value>
                <![CDATA[test.1@dasta]]>
              </value>
            </param>
            <param index="3">
              <value>
                <![CDATA[4535645644]]>
              </value>
            </param>
            <param index="4">
              <value>
                <![CDATA[dzfyhf]]>
              </value>
            </param>
            <param index="5">
              <value>
                <![CDATA[zgdfdfgt]]>
              </value>
            </param>
            <param index="6">
              <value>
                <![CDATA[Dtgzsdt]]>
              </value>
            </param>
            <param index="7">
              <value>
                <![CDATA[4898569]]>
              </value>
            </param>
            <param index="8">
              <value>
                <![CDATA[9874563210]]>
              </value>
            </param>
            <param index="9">
              <value>
                <![CDATA[9874563210]]>
              </value>
            </param>
          </params>
          <exception class="org.openqa.selenium.NoSuchElementException">
            <message>
              <![CDATA[no such element: Unable to locate element: {"method":"xpath","selector":".//*[@id='content']/form/div[1]/table/tbody/tr[1]/td[2]/input"}  (Session info: chrome=63.0.3239.132)  (Driver info: chromedriver=2.33.506120 (e3e53437346286c0bc2d2dc9aa4915ba81d9023f),platform=Windows NT 10.0.14393 x86_64) (WARNING: The server did not provide any stacktrace information)Command duration or timeout: 0 millisecondsFor documentation on this error, please visit: http://seleniumhq.org/exceptions/no_such_element.htmlBuild info: version: '3.9.1', revision: '63f7b50', time: '2018-02-07T22:25:02.294Z'System info: host: 'D-113065387', ip: '10.159.34.105', os.name: 'Windows 10', os.arch: 'amd64', os.version: '10.0', java.version: '1.8.0_141'Driver info: org.openqa.selenium.chrome.ChromeDriverCapabilities {acceptSslCerts: true, applicationCacheEnabled: false, browserConnectionEnabled: false, browserName: chrome, chrome: {chromedriverVersion: 2.33.506120 (e3e53437346286..., userDataDir: C:\Users\BH395801\AppData\L...}, cssSelectorsEnabled: true, databaseEnabled: false, handlesAlerts: true, hasTouchScreen: false, javascriptEnabled: true, locationContextEnabled: true, mobileEmulationEnabled: false, nativeEvents: true, networkConnectionEnabled: false, pageLoadStrategy: normal, platform: XP, platformName: XP, rotatable: false, setWindowRect: true, takesHeapSnapshot: true, takesScreenshot: true, unexpectedAlertBehaviour: , unhandledPromptBehavior: , version: 63.0.3239.132, webStorageEnabled: true}Session ID: 65b40ef92583d200047ab6cabc1111ea*** Element info: {Using=xpath, value=.//*[@id='content']/form/div[1]/table/tbody/tr[1]/td[2]/input}]]>
            </message>
            <full-stacktrace>
              <![CDATA[org.openqa.selenium.NoSuchElementException: no such element: Unable to locate element: {"method":"xpath","selector":".//*[@id='content']/form/div[1]/table/tbody/tr[1]/td[2]/input"}  (Session info: chrome=63.0.3239.132)  (Driver info: chromedriver=2.33.506120 (e3e53437346286c0bc2d2dc9aa4915ba81d9023f),platform=Windows NT 10.0.14393 x86_64) (WARNING: The server did not provide any stacktrace information)Command duration or timeout: 0 millisecondsFor documentation on this error, please visit: http://seleniumhq.org/exceptions/no_such_element.htmlBuild info: version: '3.9.1', revision: '63f7b50', time: '2018-02-07T22:25:02.294Z'System info: host: 'D-113065387', ip: '10.159.34.105', os.name: 'Windows 10', os.arch: 'amd64', os.version: '10.0', java.version: '1.8.0_141'Driver info: org.openqa.selenium.chrome.ChromeDriverCapabilities {acceptSslCerts: true, applicationCacheEnabled: false, browserConnectionEnabled: false, browserName: chrome, chrome: {chromedriverVersion: 2.33.506120 (e3e53437346286..., userDataDir: C:\Users\BH395801\AppData\L...}, cssSelectorsEnabled: true, databaseEnabled: false, handlesAlerts: true, hasTouchScreen: false, javascriptEnabled: true, locationContextEnabled: true, mobileEmulationEnabled: false, nativeEvents: true, networkConnectionEnabled: false, pageLoadStrategy: normal, platform: XP, platformName: XP, rotatable: false, setWindowRect: true, takesHeapSnapshot: true, takesScreenshot: true, unexpectedAlertBehaviour: , unhandledPromptBehavior: , version: 63.0.3239.132, webStorageEnabled: true}Session ID: 65b40ef92583d200047ab6cabc1111ea*** Element info: {Using=xpath, value=.//*[@id='content']/form/div[1]/table/tbody/tr[1]/td[2]/input}at sun.reflect.NativeConstructorAccessorImpl.newInstance0(Native Method)at sun.reflect.NativeConstructorAccessorImpl.newInstance(NativeConstructorAccessorImpl.java:62)at sun.reflect.DelegatingConstructorAccessorImpl.newInstance(DelegatingConstructorAccessorImpl.java:45)at java.lang.reflect.Constructor.newInstance(Constructor.java:423)at org.openqa.selenium.remote.ErrorHandler.createThrowable(ErrorHandler.java:214)at org.openqa.selenium.remote.ErrorHandler.throwIfResponseFailed(ErrorHandler.java:166)at org.openqa.selenium.remote.http.JsonHttpResponseCodec.reconstructValue(JsonHttpResponseCodec.java:40)at org.openqa.selenium.remote.http.AbstractHttpResponseCodec.decode(AbstractHttpResponseCodec.java:80)at org.openqa.selenium.remote.http.AbstractHttpResponseCodec.decode(AbstractHttpResponseCodec.java:44)at org.openqa.selenium.remote.HttpCommandExecutor.execute(HttpCommandExecutor.java:160)at org.openqa.selenium.remote.service.DriverCommandExecutor.execute(DriverCommandExecutor.java:83)at org.openqa.selenium.remote.RemoteWebDriver.execute(RemoteWebDriver.java:601)at org.openqa.selenium.remote.RemoteWebDriver.findElement(RemoteWebDriver.java:371)at org.openqa.selenium.remote.RemoteWebDriver.findElementByXPath(RemoteWebDriver.java:473)at org.openqa.selenium.By$ByXPath.findElement(By.java:361)at org.openqa.selenium.remote.RemoteWebDriver.findElement(RemoteWebDriver.java:363)at com.wipro.opencartTestCase.TC1.Launchbrowser(TC1.java:79)at sun.reflect.NativeMethodAccessorImpl.invoke0(Native Method)at sun.reflect.NativeMethodAccessorImpl.invoke(NativeMethodAccessorImpl.java:62)at sun.reflect.DelegatingMethodAccessorImpl.invoke(DelegatingMethodAccessorImpl.java:43)at java.lang.reflect.Method.invoke(Method.java:498)at org.testng.internal.MethodInvocationHelper.invokeMethod(MethodInvocationHelper.java:124)at org.testng.internal.Invoker.invokeMethod(Invoker.java:571)at org.testng.internal.Invoker.invokeTestMethod(Invoker.java:707)at org.testng.internal.Invoker.invokeTestMethods(Invoker.java:979)at org.testng.internal.TestMethodWorker.invokeTestMethods(TestMethodWorker.java:125)at org.testng.internal.TestMethodWorker.run(TestMethodWorker.java:109)at org.testng.TestRunner.privateRun(TestRunner.java:648)at org.testng.TestRunner.run(TestRunner.java:505)at org.testng.SuiteRunner.runTest(SuiteRunner.java:455)at org.testng.SuiteRunner.runSequentially(SuiteRunner.java:450)at org.testng.SuiteRunner.privateRun(SuiteRunner.java:415)at org.testng.SuiteRunner.run(SuiteRunner.java:364)at org.testng.SuiteRunnerWorker.runSuite(SuiteRunnerWorker.java:52)at org.testng.SuiteRunnerWorker.run(SuiteRunnerWorker.java:84)at org.testng.TestNG.runSuitesSequentially(TestNG.java:1187)at org.testng.TestNG.runSuitesLocally(TestNG.java:1116)at org.testng.TestNG.runSuites(TestNG.java:1028)at org.testng.TestNG.run(TestNG.java:996)at org.testng.remote.AbstractRemoteTestNG.run(AbstractRemoteTestNG.java:114)at org.testng.remote.RemoteTestNG.initAndRun(RemoteTestNG.java:251)at org.testng.remote.RemoteTestNG.main(RemoteTestNG.java:77)]]>
            </full-stacktrace>
          </exception> <!-- org.openqa.selenium.NoSuchElementException -->
          <reporter-output>
          </reporter-output>
        </test-method> <!-- Launchbrowser -->
        <test-method status="PASS" signature="steps()[pri:3, instance:com.wipro.opencartTestCase.TC1@13eb8acf]" name="steps" duration-ms="29377" started-at="2018-02-15T04:50:15Z" finished-at="2018-02-15T04:50:45Z">
          <reporter-output>
          </reporter-output>
        </test-method> <!-- steps -->
        <test-method status="PASS" signature="ratingsteps(java.lang.String, java.lang.String, java.lang.String)[pri:4, instance:com.wipro.opencartTestCase.TC1@13eb8acf]" name="ratingsteps" duration-ms="17463" started-at="2018-02-15T04:50:45Z" data-provider="ReviewData" finished-at="2018-02-15T04:51:02Z">
          <params>
            <param index="0">
              <value>
                <![CDATA[Review1]]>
              </value>
            </param>
            <param index="1">
              <value>
                <![CDATA[partial review]]>
              </value>
            </param>
            <param index="2">
              <value>
                <![CDATA[2]]>
              </value>
            </param>
          </params>
          <reporter-output>
          </reporter-output>
        </test-method> <!-- ratingsteps -->
        <test-method status="PASS" signature="ratingsteps(java.lang.String, java.lang.String, java.lang.String)[pri:4, instance:com.wipro.opencartTestCase.TC1@13eb8acf]" name="ratingsteps" duration-ms="28245" started-at="2018-02-15T04:51:02Z" data-provider="ReviewData" finished-at="2018-02-15T04:51:31Z">
          <params>
            <param index="0">
              <value>
                <![CDATA[Review2]]>
              </value>
            </param>
            <param index="1">
              <value>
                <![CDATA[partial review is morethan 25 charc]]>
              </value>
            </param>
            <param index="2">
              <value>
                <![CDATA[5]]>
              </value>
            </param>
          </params>
          <reporter-output>
          </reporter-output>
        </test-method> <!-- ratingsteps -->
        <test-method status="FAIL" signature="ratingsteps(java.lang.String, java.lang.String, java.lang.String)[pri:4, instance:com.wipro.opencartTestCase.TC1@13eb8acf]" name="ratingsteps" duration-ms="2" started-at="2018-02-15T04:51:31Z" data-provider="ReviewData" finished-at="2018-02-15T04:51:31Z">
          <params>
            <param index="0">
              <value>
                <![CDATA[]]>
              </value>
            </param>
            <param index="1">
              <value is-null="true"/>
            </param>
            <param index="2">
              <value is-null="true"/>
            </param>
          </params>
          <exception class="java.lang.NumberFormatException">
            <message>
              <![CDATA[null]]>
            </message>
            <full-stacktrace>
              <![CDATA[java.lang.NumberFormatException: nullat java.lang.Integer.parseInt(Integer.java:542)at java.lang.Integer.parseInt(Integer.java:615)at com.wipro.opencartTestCase.TC1.ratingsteps(TC1.java:142)at sun.reflect.NativeMethodAccessorImpl.invoke0(Native Method)at sun.reflect.NativeMethodAccessorImpl.invoke(NativeMethodAccessorImpl.java:62)at sun.reflect.DelegatingMethodAccessorImpl.invoke(DelegatingMethodAccessorImpl.java:43)at java.lang.reflect.Method.invoke(Method.java:498)at org.testng.internal.MethodInvocationHelper.invokeMethod(MethodInvocationHelper.java:124)at org.testng.internal.Invoker.invokeMethod(Invoker.java:571)at org.testng.internal.Invoker.invokeTestMethod(Invoker.java:707)at org.testng.internal.Invoker.invokeTestMethods(Invoker.java:979)at org.testng.internal.TestMethodWorker.invokeTestMethods(TestMethodWorker.java:125)at org.testng.internal.TestMethodWorker.run(TestMethodWorker.java:109)at org.testng.TestRunner.privateRun(TestRunner.java:648)at org.testng.TestRunner.run(TestRunner.java:505)at org.testng.SuiteRunner.runTest(SuiteRunner.java:455)at org.testng.SuiteRunner.runSequentially(SuiteRunner.java:450)at org.testng.SuiteRunner.privateRun(SuiteRunner.java:415)at org.testng.SuiteRunner.run(SuiteRunner.java:364)at org.testng.SuiteRunnerWorker.runSuite(SuiteRunnerWorker.java:52)at org.testng.SuiteRunnerWorker.run(SuiteRunnerWorker.java:84)at org.testng.TestNG.runSuitesSequentially(TestNG.java:1187)at org.testng.TestNG.runSuitesLocally(TestNG.java:1116)at org.testng.TestNG.runSuites(TestNG.java:1028)at org.testng.TestNG.run(TestNG.java:996)at org.testng.remote.AbstractRemoteTestNG.run(AbstractRemoteTestNG.java:114)at org.testng.remote.RemoteTestNG.initAndRun(RemoteTestNG.java:251)at org.testng.remote.RemoteTestNG.main(RemoteTestNG.java:77)]]>
            </full-stacktrace>
          </exception> <!-- java.lang.NumberFormatException -->
          <reporter-output>
          </reporter-output>
        </test-method> <!-- ratingsteps -->
        <test-method status="PASS" signature="wishlist()[pri:5, instance:com.wipro.opencartTestCase.TC1@13eb8acf]" name="wishlist" duration-ms="14635" started-at="2018-02-15T04:51:31Z" finished-at="2018-02-15T04:51:45Z">
          <reporter-output>
          </reporter-output>
        </test-method> <!-- wishlist -->
      </class> <!-- com.wipro.opencartTestCase.TC1 -->
    </test> <!-- Default test -->
  </suite> <!-- Default suite -->
</testng-results>
